<OProxy [DEBUG:Flush]> 
<OProxy [DEBUG:_add]> Processing 'one' in container 'root'
<OProxy [INFO:_add]> Creating new container 'one'
<OProxy [DEBUG:_add]> List of OPs provided, count: 3
 Validating OP 1/3: op1
 Validated OP: op1 (path: /project1/myProject/op1)
 Validating OP 2/3: op2
 Validated OP: op2 (path: /project1/myProject/op2)
 Validating OP 3/3: op3
 Validated OP: op3 (path: /project1/myProject/op3)
 Creating container with path 'one'
 Adding 3 OPs as leaves to container 'one'
 Creating leaf for OP 'op1' with path 'one.op1'
 Creating leaf for OP 'op2' with path 'one.op2'
 Creating leaf for OP 'op3' with path 'one.op3'
 Adding container 'one' to parent children dict
<OProxy [INFO:_add]> Successfully created container 'one' with 3 OPs
<OProxy [DEBUG:_update_storage]> Saving container hierarchy to storage
 Saved 1 top-level containers to storage
<OProxy [ERROR:_update_storage]> Failed to update storage: 'OProxyExtension' object has no attribute 'metadata'
Traceback (most recent call last):
  File "/project1/myProject/OProxy/OPBaseWrapper", line 362, in __getattr__
AttributeError: 'function' object has no attribute 'metadata'

During handling of the above exception, another exception occurred:

Traceback (most recent call last):
  File "/project1/myProject/OProxy/OPBaseWrapper", line 790, in _update_storage
  File "/project1/myProject/OProxy/OPBaseWrapper", line 833, in __build_storage_structure
  File "/project1/myProject/OProxy/OPBaseWrapper", line 833, in <dictcomp>
  File "/project1/myProject/OProxy/OPBaseWrapper", line 364, in __getattr__
AttributeError: 'OProxyExtension' object has no attribute 'metadata'

Traceback (most recent call last):
  File "/project1/myProject/OProxy/OPBaseWrapper", line 362, in __getattr__
AttributeError: 'function' object has no attribute 'metadata'

During handling of the above exception, another exception occurred:

Traceback (most recent call last):
  File "/project1/myProject/OProxy/OPBaseWrapper", line 790, in _update_storage
  File "/project1/myProject/OProxy/OPBaseWrapper", line 833, in __build_storage_structure
  File "/project1/myProject/OProxy/OPBaseWrapper", line 833, in <dictcomp>
  File "/project1/myProject/OProxy/OPBaseWrapper", line 364, in __getattr__
AttributeError: 'OProxyExtension' object has no attribute 'metadata'
<OProxy [ERROR:_extend]> Extension creation failed for 'test': 'OProxyExtension' object has no attribute 'metadata'
Traceback (most recent call last):
  File "/project1/myProject/OProxy/OPBaseWrapper", line 362, in __getattr__
AttributeError: 'function' object has no attribute 'metadata'

During handling of the above exception, another exception occurred:

Traceback (most recent call last):
  File "/project1/myProject/OProxy/OPBaseWrapper", line 1136, in _extend
  File "/project1/myProject/OProxy/OPBaseWrapper", line 790, in _update_storage
  File "/project1/myProject/OProxy/OPBaseWrapper", line 833, in __build_storage_structure
  File "/project1/myProject/OProxy/OPBaseWrapper", line 833, in <dictcomp>
  File "/project1/myProject/OProxy/OPBaseWrapper", line 364, in __getattr__
AttributeError: 'OProxyExtension' object has no attribute 'metadata'

Traceback (most recent call last):
  File "/project1/myProject/OProxy/OPBaseWrapper", line 362, in __getattr__
AttributeError: 'function' object has no attribute 'metadata'

During handling of the above exception, another exception occurred:

Traceback (most recent call last):
  File "/project1/myProject/OProxy/OPBaseWrapper", line 1136, in _extend
  File "/project1/myProject/OProxy/OPBaseWrapper", line 790, in _update_storage
  File "/project1/myProject/OProxy/OPBaseWrapper", line 833, in __build_storage_structure
  File "/project1/myProject/OProxy/OPBaseWrapper", line 833, in <dictcomp>
  File "/project1/myProject/OProxy/OPBaseWrapper", line 364, in __getattr__
AttributeError: 'OProxyExtension' object has no attribute 'metadata'
